#
# There is insufficient memory for the Java Runtime Environment to continue.
# Native memory allocation (mmap) failed to map 134217728 bytes for G1 virtual space
# Possible reasons:
#   The system is out of physical RAM or swap space
#   The process is running with CompressedOops enabled, and the Java Heap may be blocking the growth of the native heap
# Possible solutions:
#   Reduce memory load on the system
#   Increase physical memory or swap space
#   Check if swap backing store is full
#   Decrease Java heap size (-Xmx/-Xms)
#   Decrease number of Java threads
#   Decrease Java thread stack sizes (-Xss)
#   Set larger code cache with -XX:ReservedCodeCacheSize=
#   JVM is running with Unscaled Compressed Oops mode in which the Java heap is
#     placed in the first 4GB address space. The Java Heap base address is the
#     maximum limit for the native heap growth. Please use -XX:HeapBaseMinAddress
#     to set the Java Heap base and to place the Java Heap above 4GB virtual address.
# This output file may be truncated or incomplete.
#
#  Out of Memory Error (os_windows.cpp:3753), pid=14656, tid=15100
#
# JRE version:  (17.0.4.1+7) (build )
# Java VM: OpenJDK 64-Bit Server VM (17.0.4.1+7-b469.62, mixed mode, sharing, tiered, compressed oops, compressed class ptrs, g1 gc, windows-amd64)
# No core dump will be written. Minidumps are not enabled by default on client versions of Windows
#

---------------  S U M M A R Y ------------

Command Line: git4idea.http.GitAskPassApp Username for 'https://github.com': 

Host: Intel(R) Core(TM) i7-5500U CPU @ 2.40GHz, 4 cores, 7G,  Windows 10 , 64 bit Build 19041 (10.0.19041.3636)
Time: Sat Dec 30 12:53:30 2023 ora solare GMT elapsed time: 0.011744 seconds (0d 0h 0m 0s)

---------------  T H R E A D  ---------------

Current thread (0x000002a297ac0eb0):  JavaThread "Unknown thread" [_thread_in_vm, id=15100, stack(0x000000fb32800000,0x000000fb32900000)]

Stack: [0x000000fb32800000,0x000000fb32900000]
Native frames: (J=compiled Java code, j=interpreted, Vv=VM code, C=native code)
V  [jvm.dll+0x68356a]
V  [jvm.dll+0x83fab4]
V  [jvm.dll+0x84125e]
V  [jvm.dll+0x8418c3]
V  [jvm.dll+0x249735]
V  [jvm.dll+0x680439]
V  [jvm.dll+0x674a7a]
V  [jvm.dll+0x30956b]
V  [jvm.dll+0x310a26]
V  [jvm.dll+0x36089e]
V  [jvm.dll+0x360acf]
V  [jvm.dll+0x2df658]
V  [jvm.dll+0x2e05c4]
V  [jvm.dll+0x8112a1]
V  [jvm.dll+0x36e6f1]
V  [jvm.dll+0x7f076c]
V  [jvm.dll+0x3f180f]
V  [jvm.dll+0x3f3351]
C  [jli.dll+0x526b]
C  [ucrtbase.dll+0x21bb2]
C  [KERNEL32.DLL+0x17344]
C  [ntdll.dll+0x526b1]


---------------  P R O C E S S  ---------------

Threads class SMR info:
_java_thread_list=0x00007ffb6a877f58, length=0, elements={
}

Java Threads: ( => current thread )

Other Threads:
  0x000002a297b1c500 GCTaskThread "GC Thread#0" [stack: 0x000000fb32900000,0x000000fb32a00000] [id=12912]
  0x000002a297b2e020 ConcurrentGCThread "G1 Main Marker" [stack: 0x000000fb32a00000,0x000000fb32b00000] [id=2312]
  0x000002a297b2f0e0 ConcurrentGCThread "G1 Conc#0" [stack: 0x000000fb32b00000,0x000000fb32c00000] [id=11820]

[error occurred during error reporting (printing all threads), id 0xc0000005, EXCEPTION_ACCESS_VIOLATION (0xc0000005) at pc=0x00007ffb6a030217]

VM state: not at safepoint (not fully initialized)

VM Mutex/Monitor currently owned by a thread:  ([mutex/lock_event])
[0x000002a297abc400] Heap_lock - owner thread: 0x000002a297ac0eb0

Heap address: 0x0000000081a00000, size: 2022 MB, Compressed Oops mode: 32-bit

CDS archive(s) mapped at: [0x0000000000000000-0x0000000000000000-0x0000000000000000), size 0, SharedBaseAddress: 0x0000000800000000, ArchiveRelocationMode: 0.
Narrow klass base: 0x0000000000000000, Narrow klass shift: 0, Narrow klass range: 0x0

GC Precious Log:
<Empty>

Heap:
 garbage-first heap   total 0K, used 0K [0x0000000081a00000, 0x0000000100000000)
  region size 1024K, 0 young (0K), 0 survivors (0K)

[error occurred during error reporting (printing heap information), id 0xc0000005, EXCEPTION_ACCESS_VIOLATION (0xc0000005) at pc=0x00007ffb6a41d1f9]

GC Heap History (0 events):
No events

Deoptimization events (0 events):
No events

Classes unloaded (0 events):
No events

Classes redefined (0 events):
No events

Internal exceptions (0 events):
No events

VM Operations (0 events):
No events

Events (1 events):
Event: 0.007 Loaded shared library C:\Program Files\JetBrains\IntelliJ IDEA Educational Edition 2022.2.2\jbr\bin\java.dll


Dynamic libraries:
0x00007ff769a60000 - 0x00007ff769a6a000 	C:\Program Files\JetBrains\IntelliJ IDEA Educational Edition 2022.2.2\jbr\bin\java.exe
0x00007ffbc0810000 - 0x00007ffbc0a08000 	C:\WINDOWS\SYSTEM32\ntdll.dll
0x00007ffbbf680000 - 0x00007ffbbf73d000 	C:\WINDOWS\System32\KERNEL32.DLL
0x00007ffbbe270000 - 0x00007ffbbe566000 	C:\WINDOWS\System32\KERNELBASE.dll
0x00007ffbbe740000 - 0x00007ffbbe840000 	C:\WINDOWS\System32\ucrtbase.dll
0x00007ffbaa310000 - 0x00007ffbaa327000 	C:\Program Files\JetBrains\IntelliJ IDEA Educational Edition 2022.2.2\jbr\bin\jli.dll
0x00007ffba0970000 - 0x00007ffba098b000 	C:\Program Files\JetBrains\IntelliJ IDEA Educational Edition 2022.2.2\jbr\bin\VCRUNTIME140.dll
0x00007ffbbe930000 - 0x00007ffbbeace000 	C:\WINDOWS\System32\USER32.dll
0x00007ffbaed80000 - 0x00007ffbaf01a000 	C:\WINDOWS\WinSxS\amd64_microsoft.windows.common-controls_6595b64144ccf1df_6.0.19041.3636_none_60b6a03d71f818d5\COMCTL32.dll
0x00007ffbbdf50000 - 0x00007ffbbdf72000 	C:\WINDOWS\System32\win32u.dll
0x00007ffbbf180000 - 0x00007ffbbf21e000 	C:\WINDOWS\System32\msvcrt.dll
0x00007ffbbfbb0000 - 0x00007ffbbfbdc000 	C:\WINDOWS\System32\GDI32.dll
0x00007ffbbe620000 - 0x00007ffbbe73a000 	C:\WINDOWS\System32\gdi32full.dll
0x00007ffbbe000000 - 0x00007ffbbe09d000 	C:\WINDOWS\System32\msvcp_win.dll
0x00007ffbc0770000 - 0x00007ffbc07a0000 	C:\WINDOWS\System32\IMM32.DLL
0x00007ffbb9d60000 - 0x00007ffbb9d6c000 	C:\Program Files\JetBrains\IntelliJ IDEA Educational Edition 2022.2.2\jbr\bin\vcruntime140_1.dll
0x00007ffb8ce80000 - 0x00007ffb8cf0d000 	C:\Program Files\JetBrains\IntelliJ IDEA Educational Edition 2022.2.2\jbr\bin\msvcp140.dll
0x00007ffb69d40000 - 0x00007ffb6a9a9000 	C:\Program Files\JetBrains\IntelliJ IDEA Educational Edition 2022.2.2\jbr\bin\server\jvm.dll
0x00007ffbbf220000 - 0x00007ffbbf2cf000 	C:\WINDOWS\System32\ADVAPI32.dll
0x00007ffbbead0000 - 0x00007ffbbeb6c000 	C:\WINDOWS\System32\sechost.dll
0x00007ffbbeb70000 - 0x00007ffbbec96000 	C:\WINDOWS\System32\RPCRT4.dll
0x00007ffbbfa00000 - 0x00007ffbbfa08000 	C:\WINDOWS\System32\PSAPI.DLL
0x00007ffba5be0000 - 0x00007ffba5be9000 	C:\WINDOWS\SYSTEM32\WSOCK32.dll
0x00007ffbb74d0000 - 0x00007ffbb74da000 	C:\WINDOWS\SYSTEM32\VERSION.dll
0x00007ffbb0c30000 - 0x00007ffbb0c57000 	C:\WINDOWS\SYSTEM32\WINMM.dll
0x00007ffbbf2d0000 - 0x00007ffbbf33b000 	C:\WINDOWS\System32\WS2_32.dll
0x00007ffbbbe10000 - 0x00007ffbbbe22000 	C:\WINDOWS\SYSTEM32\kernel.appcore.dll
0x00007ffbb9d70000 - 0x00007ffbb9d7a000 	C:\Program Files\JetBrains\IntelliJ IDEA Educational Edition 2022.2.2\jbr\bin\jimage.dll
0x00007ffba25f0000 - 0x00007ffba27d4000 	C:\WINDOWS\SYSTEM32\DBGHELP.DLL
0x00007ffba25b0000 - 0x00007ffba25e4000 	C:\WINDOWS\SYSTEM32\dbgcore.DLL
0x00007ffbbe840000 - 0x00007ffbbe8c2000 	C:\WINDOWS\System32\bcryptPrimitives.dll
0x00007ffb95e50000 - 0x00007ffb95e75000 	C:\Program Files\JetBrains\IntelliJ IDEA Educational Edition 2022.2.2\jbr\bin\java.dll

dbghelp: loaded successfully - version: 4.0.5 - missing functions: none
symbol engine: initialized successfully - sym options: 0x614 - pdb path: .;C:\Program Files\JetBrains\IntelliJ IDEA Educational Edition 2022.2.2\jbr\bin;C:\WINDOWS\SYSTEM32;C:\WINDOWS\WinSxS\amd64_microsoft.windows.common-controls_6595b64144ccf1df_6.0.19041.3636_none_60b6a03d71f818d5;C:\Program Files\JetBrains\IntelliJ IDEA Educational Edition 2022.2.2\jbr\bin\server

VM Arguments:
java_command: git4idea.http.GitAskPassApp Username for 'https://github.com': 
java_class_path (initial): C:/Program Files/JetBrains/IntelliJ IDEA Educational Edition 2022.2.2/plugins/git4idea/lib/git4idea-rt.jar;C:/Program Files/JetBrains/IntelliJ IDEA Educational Edition 2022.2.2/lib/externalProcess-rt.jar;C:/Program Files/JetBrains/IntelliJ IDEA Educational Edition 2022.2.2/lib/app.jar;C:/Program Files/JetBrains/IntelliJ IDEA Educational Edition 2022.2.2/lib/3rd-party-rt.jar
Launcher Type: SUN_STANDARD

[Global flags]
     intx CICompilerCount                          = 3                                         {product} {ergonomic}
     uint ConcGCThreads                            = 1                                         {product} {ergonomic}
     uint G1ConcRefinementThreads                  = 4                                         {product} {ergonomic}
   size_t G1HeapRegionSize                         = 1048576                                   {product} {ergonomic}
    uintx GCDrainStackTargetSize                   = 64                                        {product} {ergonomic}
   size_t InitialHeapSize                          = 134217728                                 {product} {ergonomic}
   size_t MarkStackSize                            = 4194304                                   {product} {ergonomic}
   size_t MaxHeapSize                              = 2120220672                                {product} {ergonomic}
   size_t MinHeapDeltaBytes                        = 1048576                                   {product} {ergonomic}
   size_t MinHeapSize                              = 8388608                                   {product} {ergonomic}
    uintx NonNMethodCodeHeapSize                   = 5832780                                {pd product} {ergonomic}
    uintx NonProfiledCodeHeapSize                  = 122912730                              {pd product} {ergonomic}
    uintx ProfiledCodeHeapSize                     = 122912730                              {pd product} {ergonomic}
    uintx ReservedCodeCacheSize                    = 251658240                              {pd product} {ergonomic}
     bool SegmentedCodeCache                       = true                                      {product} {ergonomic}
   size_t SoftMaxHeapSize                          = 2120220672                             {manageable} {ergonomic}
     bool UseCompressedClassPointers               = true                           {product lp64_product} {ergonomic}
     bool UseCompressedOops                        = true                           {product lp64_product} {ergonomic}
     bool UseG1GC                                  = true                                      {product} {ergonomic}
     bool UseLargePagesIndividualAllocation        = false                                  {pd product} {ergonomic}

Logging:
Log output configuration:
 #0: stdout all=warning uptime,level,tags
 #1: stderr all=off uptime,level,tags

Environment Variables:
PATH=C:/Program Files/Git/mingw64/libexec/git-core;C:/Program Files/Git/mingw64/libexec/git-core;C:\Program Files\Git\mingw64\bin;C:\Program Files\Git\usr\bin;C:\Users\Utente\bin;C:\Program Files\Common Files\Oracle\Java\javapath;C:\Program Files\Eclipse Adoptium\jdk-17.0.8.101-hotspot\bin;C:\cygwin64\bin;C:\Program Files\Git\cmd;C:\Program Files\nodejs\;C:\WINDOWS\system32;C:\WINDOWS;C:\WINDOWS\System32\Wbem;C:\WINDOWS\System32\WindowsPowerShell\v1.0\;C:\WINDOWS\System32\OpenSSH\;C:\Windows\System32\WindowsPowerShell\v1.0;C:\Users\Utente\AppData\Local\Programs\Python\Python39-32\Scripts\;C:\Users\Utente\AppData\Local\Programs\Python\Python39-32\;C:\Users\Utente\AppData\Local\Programs\Microsoft VS Code\bin;C:\Users\Utente\AppData\Local\GitHubDesktop\bin;C:\Users\Utente\AppData\Local\atom\bin;C:\Users\Utente\AppData\Roaming\npm;%USERPROFILE%\AppData\Local\Microsoft\WindowsApps
USERNAME=Utente
DISPLAY=:0.0
LC_ALL=en_US.UTF-8
TERM=xterm-256color
TMPDIR=C:\Users\Utente\AppData\Local\Temp
OS=Windows_NT
PROCESSOR_IDENTIFIER=Intel64 Family 6 Model 61 Stepping 4, GenuineIntel
TMP=C:\Users\Utente\AppData\Local\Temp
TEMP=C:\Users\Utente\AppData\Local\Temp



---------------  S Y S T E M  ---------------

OS:
 Windows 10 , 64 bit Build 19041 (10.0.19041.3636)
OS uptime: 0 days 3:20 hours

CPU: total 4 (initial active 4) (2 cores per cpu, 2 threads per core) family 6 model 61 stepping 4 microcode 0x2d, cx8, cmov, fxsr, ht, mmx, 3dnowpref, sse, sse2, sse3, ssse3, sse4.1, sse4.2, popcnt, lzcnt, tsc, tscinvbit, avx, avx2, aes, erms, clmul, bmi1, bmi2, adx, fma, vzeroupper, clflush

Memory: 4k page, system-wide physical 8083M (569M free)
TotalPageFile size 9107M (AvailPageFile size 19M)
current process WorkingSet (physical memory assigned to process): 10M, peak: 10M
current process commit charge ("private bytes"): 51M, peak: 179M

vm_info: OpenJDK 64-Bit Server VM (17.0.4.1+7-b469.62) for windows-amd64 JRE (17.0.4.1+7-b469.62), built on 2022-09-22 by "builduser" with MS VC++ 16.10 / 16.11 (VS2019)

END.
